Using pre-set license
Built from '2020.2/release' branch; Version is '2020.2.1f1 (270dd8c3da1c) revision 2559448'; Using compiler version '192528614'; Build Type 'Release'
OS: 'Windows 10  (10.0.0) 64bit' Language: 'en' Physical Memory: 65454 MB
BatchMode: 1, IsHumanControllingUs: 0, StartBugReporterOnCrash: 0, Is64bit: 1, IsPro: 0

 COMMAND LINE ARGUMENTS:
E:\Unity\2020.2.1f1\Editor\Unity.exe
-adb2
-batchMode
-noUpm
-name
AssetImportWorker0
-projectPath
E:/Unity/Projects/GroupGameProjectGit/GameGroupProject1/GroupGameProjectPrototype
-logFile
Logs/AssetImportWorker0.log
-srvPort
50209
Successfully changed project path to: E:/Unity/Projects/GroupGameProjectGit/GameGroupProject1/GroupGameProjectPrototype
E:/Unity/Projects/GroupGameProjectGit/GameGroupProject1/GroupGameProjectPrototype
Using Asset Import Pipeline V2.
Refreshing native plugins compatible for Editor in 41.59 ms, found 0 plugins.
Preloading 0 native plugins for Editor in 0.00 ms.
Initialize engine version: 2020.2.1f1 (270dd8c3da1c)
[Subsystems] Discovering subsystems at path E:/Unity/2020.2.1f1/Editor/Data/Resources/UnitySubsystems
[Subsystems] Discovering subsystems at path E:/Unity/Projects/GroupGameProjectGit/GameGroupProject1/GroupGameProjectPrototype/Assets
GfxDevice: creating device client; threaded=0
Direct3D:
    Version:  Direct3D 11.0 [level 11.1]
    Renderer: NVIDIA GeForce RTX 2080 Ti (ID=0x1e07)
    Vendor:   
    VRAM:     11049 MB
    Driver:   27.21.14.6140
Initialize mono
Mono path[0] = 'E:/Unity/2020.2.1f1/Editor/Data/Managed'
Mono path[1] = 'E:/Unity/2020.2.1f1/Editor/Data/MonoBleedingEdge/lib/mono/unityjit'
Mono config path = 'E:/Unity/2020.2.1f1/Editor/Data/MonoBleedingEdge/etc'
Using monoOptions --debugger-agent=transport=dt_socket,embedding=1,server=y,suspend=n,address=127.0.0.1:56128
Begin MonoManager ReloadAssembly
Registering precompiled unity dll's ...
Register platform support module: E:/Unity/2020.2.1f1/Editor/Data/PlaybackEngines/WebGLSupport/UnityEditor.WebGL.Extensions.dll
Register platform support module: E:/Unity/2020.2.1f1/Editor/Data/PlaybackEngines/MacStandaloneSupport/UnityEditor.OSXStandalone.Extensions.dll
Register platform support module: E:/Unity/2020.2.1f1/Editor/Data/PlaybackEngines/WindowsStandaloneSupport/UnityEditor.WindowsStandalone.Extensions.dll
Register platform support module: E:/Unity/2020.2.1f1/Editor/Data/PlaybackEngines/LinuxStandaloneSupport/UnityEditor.LinuxStandalone.Extensions.dll
Registered in 0.001239 seconds.
Native extension for LinuxStandalone target not found
Native extension for WindowsStandalone target not found
Native extension for OSXStandalone target not found
Native extension for WebGL target not found
Refreshing native plugins compatible for Editor in 46.61 ms, found 0 plugins.
Preloading 0 native plugins for Editor in 0.00 ms.
Invoked RoslynAnalysisRunner static constructor.
RoslynAnalysisRunner will not be running.
RoslynAnalysisRunner has terminated.
Mono: successfully reloaded assembly
- Completed reload, in  1.795 seconds
Platform modules already initialized, skipping
Registering precompiled user dll's ...
Registered in 0.000719 seconds.
Begin MonoManager ReloadAssembly
Native extension for LinuxStandalone target not found
Native extension for WindowsStandalone target not found
Native extension for OSXStandalone target not found
Native extension for WebGL target not found
Refreshing native plugins compatible for Editor in 0.49 ms, found 0 plugins.
Preloading 0 native plugins for Editor in 0.00 ms.
Invoked RoslynAnalysisRunner static constructor.
RoslynAnalysisRunner will not be running.
RoslynAnalysisRunner has terminated.
Mono: successfully reloaded assembly
- Completed reload, in  0.605 seconds
Platform modules already initialized, skipping
========================================================================
Worker process is ready to serve import requests
Launched and connected shader compiler UnityShaderCompiler.exe after 0.02 seconds
Refreshing native plugins compatible for Editor in 0.82 ms, found 0 plugins.
Preloading 0 native plugins for Editor in 0.00 ms.
Unloading 1163 Unused Serialized files (Serialized files now loaded: 0)
System memory in use before: 148.7 MB.
System memory in use after: 148.7 MB.

Unloading 10 unused Assets to reduce memory usage. Loaded Objects now: 1631.
Total: 1.691600 ms (FindLiveObjects: 0.171200 ms CreateObjectMapping: 0.053300 ms MarkObjects: 1.384100 ms  DeleteObjects: 0.081800 ms)

========================================================================
Received Import Request.
  path: Assets/Prefabs/level_3.prefab
  artifactKey: Guid(8a65c81d6d57548de8090269de202c9b) Importer(815301076,1909f56bfc062723c751e8b465ee728b)
Start importing Assets/Prefabs/level_3.prefab using Guid(8a65c81d6d57548de8090269de202c9b) Importer(815301076,1909f56bfc062723c751e8b465ee728b)  -> (artifact id: '3522e50b89314aaf89e4ae5531c40fa4') in 0.102206 seconds
  Import took 0.114890 seconds .

========================================================================
Received Import Request.
  Time since last request: 0.000131 seconds.
  path: Assets/Prefabs/level_4.prefab
  artifactKey: Guid(b1b4d4be3122c47998076671cfc5cd93) Importer(815301076,1909f56bfc062723c751e8b465ee728b)
Start importing Assets/Prefabs/level_4.prefab using Guid(b1b4d4be3122c47998076671cfc5cd93) Importer(815301076,1909f56bfc062723c751e8b465ee728b)  -> (artifact id: '1c6ceed03cc1ab6ec7f356fcbdc7e5bd') in 0.011357 seconds
  Import took 0.013254 seconds .

========================================================================
Received Import Request.
  Time since last request: 85.598136 seconds.
  path: Assets/Music/mixkit-achievement-completed-2068.wav
  artifactKey: Guid(3b3b065027592e243b86efb94564c165) Importer(815301076,1909f56bfc062723c751e8b465ee728b)
Start importing Assets/Music/mixkit-achievement-completed-2068.wav using Guid(3b3b065027592e243b86efb94564c165) Importer(815301076,1909f56bfc062723c751e8b465ee728b)  -> (artifact id: '6d028747d286ba3e797aa7eabddda1f8') in 0.021771 seconds
  Import took 0.037913 seconds .

========================================================================
Received Import Request.
  Time since last request: 0.000144 seconds.
  path: Assets/Music/mixkit-game-flute-bonus-2313.wav
  artifactKey: Guid(399e545d5cb167048856c9a1ccec7968) Importer(815301076,1909f56bfc062723c751e8b465ee728b)
Start importing Assets/Music/mixkit-game-flute-bonus-2313.wav using Guid(399e545d5cb167048856c9a1ccec7968) Importer(815301076,1909f56bfc062723c751e8b465ee728b)  -> (artifact id: '2efa2c4ae23fe4ef5d58f2cbbed0ef14') in 0.012738 seconds
  Import took 0.014638 seconds .

========================================================================
Received Import Request.
  Time since last request: 0.000134 seconds.
  path: Assets/Music/mixkit-magic-potion-music-and-fx-2831.wav
  artifactKey: Guid(f9dbd14e761aaaa4785211fc30919878) Importer(815301076,1909f56bfc062723c751e8b465ee728b)
Start importing Assets/Music/mixkit-magic-potion-music-and-fx-2831.wav using Guid(f9dbd14e761aaaa4785211fc30919878) Importer(815301076,1909f56bfc062723c751e8b465ee728b)  -> (artifact id: '02b45bddc097dacc607c286bc55aa913') in 0.015407 seconds
  Import took 0.017363 seconds .

========================================================================
Received Import Request.
  Time since last request: 0.000149 seconds.
  path: Assets/Music/mixkit-retro-game-notification-212.wav
  artifactKey: Guid(433ce4c7bd577ab489de3f93f1c48358) Importer(815301076,1909f56bfc062723c751e8b465ee728b)
Start importing Assets/Music/mixkit-retro-game-notification-212.wav using Guid(433ce4c7bd577ab489de3f93f1c48358) Importer(815301076,1909f56bfc062723c751e8b465ee728b)  -> (artifact id: '273fa8d024fd30ea63fc52658b8b50a4') in 0.012186 seconds
  Import took 0.030032 seconds .

========================================================================
Received Import Request.
  Time since last request: 0.000121 seconds.
  path: Assets/Music/mixkit-small-hit-in-a-game-2072.wav
  artifactKey: Guid(edcfba8d6873bd84fb3e122b8019aba0) Importer(815301076,1909f56bfc062723c751e8b465ee728b)
Start importing Assets/Music/mixkit-small-hit-in-a-game-2072.wav using Guid(edcfba8d6873bd84fb3e122b8019aba0) Importer(815301076,1909f56bfc062723c751e8b465ee728b)  -> (artifact id: '7e054f8c4fd69a797482c9283828fc12') in 0.011153 seconds
  Import took 0.012611 seconds .

========================================================================
Received Import Request.
  Time since last request: 0.000117 seconds.
  path: Assets/Music/mixkit-arcade-game-complete-or-approved-mission-205.wav
  artifactKey: Guid(d140273f67b22994ea2b226474e11789) Importer(815301076,1909f56bfc062723c751e8b465ee728b)
Start importing Assets/Music/mixkit-arcade-game-complete-or-approved-mission-205.wav using Guid(d140273f67b22994ea2b226474e11789) Importer(815301076,1909f56bfc062723c751e8b465ee728b)  -> (artifact id: 'ec82a71150b5eeabf6a7ba2dbc9f3582') in 0.013156 seconds
  Import took 0.014610 seconds .

========================================================================
Received Import Request.
  Time since last request: 0.000116 seconds.
  path: Assets/Music/mixkit-funny-game-lose-tone-2877.wav
  artifactKey: Guid(d5bc0ffbd67e45e43b08636dd27bac52) Importer(815301076,1909f56bfc062723c751e8b465ee728b)
Start importing Assets/Music/mixkit-funny-game-lose-tone-2877.wav using Guid(d5bc0ffbd67e45e43b08636dd27bac52) Importer(815301076,1909f56bfc062723c751e8b465ee728b)  -> (artifact id: '9e0a19c0bed574527f5e5042c0c5ed5a') in 0.012539 seconds
  Import took 0.014039 seconds .

========================================================================
Received Import Request.
  Time since last request: 0.000105 seconds.
  path: Assets/Music/mixkit-funny-game-over-2878.wav
  artifactKey: Guid(390d744ecf1183343806baed37ccfd73) Importer(815301076,1909f56bfc062723c751e8b465ee728b)
Start importing Assets/Music/mixkit-funny-game-over-2878.wav using Guid(390d744ecf1183343806baed37ccfd73) Importer(815301076,1909f56bfc062723c751e8b465ee728b)  -> (artifact id: '31b19ad716eb5eba1b0569c1b894fa06') in 0.014219 seconds
  Import took 0.015768 seconds .

========================================================================
Received Import Request.
  Time since last request: 0.000130 seconds.
  path: Assets/Music/mixkit-magic-bubbles-spell-2999.wav
  artifactKey: Guid(6d2f2ccb54e2e3a48b6cc3ff2c3f6518) Importer(815301076,1909f56bfc062723c751e8b465ee728b)
Start importing Assets/Music/mixkit-magic-bubbles-spell-2999.wav using Guid(6d2f2ccb54e2e3a48b6cc3ff2c3f6518) Importer(815301076,1909f56bfc062723c751e8b465ee728b)  -> (artifact id: 'bad645f9581f324f470ce17a1748fb78') in 0.019594 seconds
  Import took 0.021216 seconds .

========================================================================
Received Import Request.
  Time since last request: 0.000129 seconds.
  path: Assets/Music/mixkit-magic-sparkle-whoosh-2350.wav
  artifactKey: Guid(5bde8fcfab36cbc439e132ee2f8c02c7) Importer(815301076,1909f56bfc062723c751e8b465ee728b)
Start importing Assets/Music/mixkit-magic-sparkle-whoosh-2350.wav using Guid(5bde8fcfab36cbc439e132ee2f8c02c7) Importer(815301076,1909f56bfc062723c751e8b465ee728b)  -> (artifact id: '6c0ddd35cfff8e6b8b9943bccf653f43') in 0.019420 seconds
  Import took 0.021428 seconds .

========================================================================
Received Prepare
Registering precompiled user dll's ...
Registered in 0.000714 seconds.
Begin MonoManager ReloadAssembly
Native extension for LinuxStandalone target not found
Native extension for WindowsStandalone target not found
Native extension for OSXStandalone target not found
Native extension for WebGL target not found
Refreshing native plugins compatible for Editor in 0.50 ms, found 0 plugins.
Preloading 0 native plugins for Editor in 0.00 ms.
Invoked RoslynAnalysisRunner static constructor.
RoslynAnalysisRunner will not be running.
RoslynAnalysisRunner has terminated.
Mono: successfully reloaded assembly
- Completed reload, in  0.561 seconds
Platform modules already initialized, skipping
Refreshing native plugins compatible for Editor in 0.56 ms, found 0 plugins.
Preloading 0 native plugins for Editor in 0.00 ms.
Unloading 1145 Unused Serialized files (Serialized files now loaded: 0)
System memory in use before: 150.9 MB.
System memory in use after: 151.0 MB.

Unloading 6 unused Assets to reduce memory usage. Loaded Objects now: 1643.
Total: 1.121800 ms (FindLiveObjects: 0.109200 ms CreateObjectMapping: 0.026700 ms MarkObjects: 0.941400 ms  DeleteObjects: 0.043900 ms)

========================================================================
Received Import Request.
  Time since last request: 911.714899 seconds.
  path: Assets/Music/350902__cabled-mess__jump-c-01.wav
  artifactKey: Guid(e7a4450fb4e2f5140a9f595bcc86cad6) Importer(815301076,1909f56bfc062723c751e8b465ee728b)
Start importing Assets/Music/350902__cabled-mess__jump-c-01.wav using Guid(e7a4450fb4e2f5140a9f595bcc86cad6) Importer(815301076,1909f56bfc062723c751e8b465ee728b)  -> (artifact id: 'e43de456de6c28240d23f0d846566717') in 0.041821 seconds
  Import took 0.044111 seconds .

========================================================================
Received Prepare
Registering precompiled user dll's ...
Registered in 0.000790 seconds.
Begin MonoManager ReloadAssembly
Native extension for LinuxStandalone target not found
Native extension for WindowsStandalone target not found
Native extension for OSXStandalone target not found
Native extension for WebGL target not found
Refreshing native plugins compatible for Editor in 0.50 ms, found 0 plugins.
Preloading 0 native plugins for Editor in 0.00 ms.
Invoked RoslynAnalysisRunner static constructor.
RoslynAnalysisRunner will not be running.
RoslynAnalysisRunner has terminated.
Mono: successfully reloaded assembly
- Completed reload, in  0.584 seconds
Platform modules already initialized, skipping
Refreshing native plugins compatible for Editor in 0.49 ms, found 0 plugins.
Preloading 0 native plugins for Editor in 0.00 ms.
Unloading 1145 Unused Serialized files (Serialized files now loaded: 0)
System memory in use before: 151.9 MB.
System memory in use after: 152.0 MB.

Unloading 5 unused Assets to reduce memory usage. Loaded Objects now: 1646.
Total: 1.128800 ms (FindLiveObjects: 0.107300 ms CreateObjectMapping: 0.030700 ms MarkObjects: 0.948000 ms  DeleteObjects: 0.041900 ms)

========================================================================
Received Prepare
Registering precompiled user dll's ...
Registered in 0.000757 seconds.
Begin MonoManager ReloadAssembly
Native extension for LinuxStandalone target not found
Native extension for WindowsStandalone target not found
Native extension for OSXStandalone target not found
Native extension for WebGL target not found
Refreshing native plugins compatible for Editor in 0.50 ms, found 0 plugins.
Preloading 0 native plugins for Editor in 0.00 ms.
Invoked RoslynAnalysisRunner static constructor.
RoslynAnalysisRunner will not be running.
RoslynAnalysisRunner has terminated.
Mono: successfully reloaded assembly
- Completed reload, in  0.572 seconds
Platform modules already initialized, skipping
Refreshing native plugins compatible for Editor in 0.48 ms, found 0 plugins.
Preloading 0 native plugins for Editor in 0.00 ms.
Unloading 1145 Unused Serialized files (Serialized files now loaded: 0)
System memory in use before: 151.9 MB.
System memory in use after: 152.0 MB.

Unloading 5 unused Assets to reduce memory usage. Loaded Objects now: 1648.
Total: 1.204300 ms (FindLiveObjects: 0.122600 ms CreateObjectMapping: 0.034600 ms MarkObjects: 1.000300 ms  DeleteObjects: 0.045700 ms)

========================================================================
Received Import Request.
  Time since last request: 454.011373 seconds.
  path: Assets/Sounds/Jump.anim
  artifactKey: Guid(631165df24eed58458c02a2c1e982e54) Importer(815301076,1909f56bfc062723c751e8b465ee728b)
Start importing Assets/Sounds/Jump.anim using Guid(631165df24eed58458c02a2c1e982e54) Importer(815301076,1909f56bfc062723c751e8b465ee728b)  -> (artifact id: '2f4ae46520d759162bdaaee64aeb30d7') in 0.012846 seconds
  Import took 0.015072 seconds .

========================================================================
Received Import Request.
  Time since last request: 0.069803 seconds.
  path: Assets/Sounds/Jump.anim
  artifactKey: Guid(631165df24eed58458c02a2c1e982e54) Importer(815301076,1909f56bfc062723c751e8b465ee728b)
Start importing Assets/Sounds/Jump.anim using Guid(631165df24eed58458c02a2c1e982e54) Importer(815301076,1909f56bfc062723c751e8b465ee728b)  -> (artifact id: '2f4ae46520d759162bdaaee64aeb30d7') in 0.012761 seconds
  Import took 0.014647 seconds .

========================================================================
Received Import Request.
  Time since last request: 8.940044 seconds.
  path: Assets/Animations/CharacterTest.controller
  artifactKey: Guid(c0c56bbb4fbfb4f40804d21ce1413802) Importer(815301076,1909f56bfc062723c751e8b465ee728b)
Start importing Assets/Animations/CharacterTest.controller using Guid(c0c56bbb4fbfb4f40804d21ce1413802) Importer(815301076,1909f56bfc062723c751e8b465ee728b)  -> (artifact id: '4d1fe44499a7761584eae2d74bd0609d') in 0.010685 seconds
  Import took 0.012485 seconds .

========================================================================
Received Import Request.
  Time since last request: 22.020721 seconds.
  path: Assets/Animations/WallRunning.anim
  artifactKey: Guid(acd400037905a3d4f9d51b85e85ce2c5) Importer(815301076,1909f56bfc062723c751e8b465ee728b)
Start importing Assets/Animations/WallRunning.anim using Guid(acd400037905a3d4f9d51b85e85ce2c5) Importer(815301076,1909f56bfc062723c751e8b465ee728b)  -> (artifact id: 'abc440f1ad3d37bdcd7209feab5ff732') in 0.006847 seconds
  Import took 0.008512 seconds .

========================================================================
Received Import Request.
  Time since last request: 0.000656 seconds.
  path: Assets/Animations/WallRunning.anim
  artifactKey: Guid(acd400037905a3d4f9d51b85e85ce2c5) Importer(815301076,1909f56bfc062723c751e8b465ee728b)
Start importing Assets/Animations/WallRunning.anim using Guid(acd400037905a3d4f9d51b85e85ce2c5) Importer(815301076,1909f56bfc062723c751e8b465ee728b)  -> (artifact id: 'abc440f1ad3d37bdcd7209feab5ff732') in 0.004218 seconds
  Import took 0.005843 seconds .

========================================================================
Received Import Request.
  Time since last request: 422.322893 seconds.
  path: Assets/Sounds/JumpSound.wav
  artifactKey: Guid(e7a4450fb4e2f5140a9f595bcc86cad6) Importer(815301076,1909f56bfc062723c751e8b465ee728b)
Start importing Assets/Sounds/JumpSound.wav using Guid(e7a4450fb4e2f5140a9f595bcc86cad6) Importer(815301076,1909f56bfc062723c751e8b465ee728b)  -> (artifact id: '75f3aa682a9d9144952d6d913184dae6') in 0.030360 seconds
  Import took 0.032490 seconds .

========================================================================
Received Prepare
Registering precompiled user dll's ...
Registered in 0.000708 seconds.
Begin MonoManager ReloadAssembly
Native extension for LinuxStandalone target not found
Native extension for WindowsStandalone target not found
Native extension for OSXStandalone target not found
Native extension for WebGL target not found
Refreshing native plugins compatible for Editor in 0.50 ms, found 0 plugins.
Preloading 0 native plugins for Editor in 0.00 ms.
Invoked RoslynAnalysisRunner static constructor.
RoslynAnalysisRunner will not be running.
RoslynAnalysisRunner has terminated.
Mono: successfully reloaded assembly
- Completed reload, in  0.600 seconds
Platform modules already initialized, skipping
Refreshing native plugins compatible for Editor in 0.49 ms, found 0 plugins.
Preloading 0 native plugins for Editor in 0.00 ms.
Unloading 1145 Unused Serialized files (Serialized files now loaded: 0)
System memory in use before: 152.0 MB.
System memory in use after: 152.0 MB.

Unloading 5 unused Assets to reduce memory usage. Loaded Objects now: 1651.
Total: 1.191700 ms (FindLiveObjects: 0.117900 ms CreateObjectMapping: 0.030300 ms MarkObjects: 0.995800 ms  DeleteObjects: 0.046600 ms)

========================================================================
Received Prepare
Registering precompiled user dll's ...
Registered in 0.000723 seconds.
Begin MonoManager ReloadAssembly
Native extension for LinuxStandalone target not found
Native extension for WindowsStandalone target not found
Native extension for OSXStandalone target not found
Native extension for WebGL target not found
Refreshing native plugins compatible for Editor in 0.50 ms, found 0 plugins.
Preloading 0 native plugins for Editor in 0.00 ms.
Invoked RoslynAnalysisRunner static constructor.
RoslynAnalysisRunner will not be running.
RoslynAnalysisRunner has terminated.
Mono: successfully reloaded assembly
- Completed reload, in  0.560 seconds
Platform modules already initialized, skipping
Refreshing native plugins compatible for Editor in 0.49 ms, found 0 plugins.
Preloading 0 native plugins for Editor in 0.00 ms.
Unloading 1145 Unused Serialized files (Serialized files now loaded: 0)
System memory in use before: 152.0 MB.
System memory in use after: 152.0 MB.

Unloading 5 unused Assets to reduce memory usage. Loaded Objects now: 1653.
Total: 1.142900 ms (FindLiveObjects: 0.116400 ms CreateObjectMapping: 0.032200 ms MarkObjects: 0.951200 ms  DeleteObjects: 0.041900 ms)

========================================================================
Received Import Request.
  Time since last request: 348.102577 seconds.
  path: Assets/Sounds/jsound.wav
  artifactKey: Guid(e7a4450fb4e2f5140a9f595bcc86cad6) Importer(815301076,1909f56bfc062723c751e8b465ee728b)
Start importing Assets/Sounds/jsound.wav using Guid(e7a4450fb4e2f5140a9f595bcc86cad6) Importer(815301076,1909f56bfc062723c751e8b465ee728b)  -> (artifact id: '5bd76b896f88531a0092c16d4f42daf2') in 0.038798 seconds
  Import took 0.040719 seconds .

========================================================================
Received Prepare
Registering precompiled user dll's ...
Registered in 0.000751 seconds.
Begin MonoManager ReloadAssembly
Native extension for LinuxStandalone target not found
Native extension for WindowsStandalone target not found
Native extension for OSXStandalone target not found
Native extension for WebGL target not found
Refreshing native plugins compatible for Editor in 0.49 ms, found 0 plugins.
Preloading 0 native plugins for Editor in 0.00 ms.
Invoked RoslynAnalysisRunner static constructor.
RoslynAnalysisRunner will not be running.
RoslynAnalysisRunner has terminated.
Mono: successfully reloaded assembly
- Completed reload, in  0.577 seconds
Platform modules already initialized, skipping
Refreshing native plugins compatible for Editor in 0.49 ms, found 0 plugins.
Preloading 0 native plugins for Editor in 0.00 ms.
Unloading 1145 Unused Serialized files (Serialized files now loaded: 0)
System memory in use before: 152.0 MB.
System memory in use after: 152.1 MB.

Unloading 5 unused Assets to reduce memory usage. Loaded Objects now: 1656.
Total: 1.150900 ms (FindLiveObjects: 0.114800 ms CreateObjectMapping: 0.034000 ms MarkObjects: 0.957600 ms  DeleteObjects: 0.043800 ms)

========================================================================
Received Prepare
Registering precompiled user dll's ...
Registered in 0.001146 seconds.
Begin MonoManager ReloadAssembly
Native extension for LinuxStandalone target not found
Native extension for WindowsStandalone target not found
Native extension for OSXStandalone target not found
Native extension for WebGL target not found
Refreshing native plugins compatible for Editor in 0.49 ms, found 0 plugins.
Preloading 0 native plugins for Editor in 0.00 ms.
Invoked RoslynAnalysisRunner static constructor.
RoslynAnalysisRunner will not be running.
RoslynAnalysisRunner has terminated.
Mono: successfully reloaded assembly
- Completed reload, in  0.600 seconds
Platform modules already initialized, skipping
Refreshing native plugins compatible for Editor in 0.51 ms, found 0 plugins.
Preloading 0 native plugins for Editor in 0.00 ms.
Unloading 1145 Unused Serialized files (Serialized files now loaded: 0)
System memory in use before: 152.0 MB.
System memory in use after: 152.1 MB.

Unloading 5 unused Assets to reduce memory usage. Loaded Objects now: 1658.
Total: 1.426400 ms (FindLiveObjects: 0.176100 ms CreateObjectMapping: 0.053400 ms MarkObjects: 1.149300 ms  DeleteObjects: 0.046400 ms)

========================================================================
Received Prepare
Registering precompiled user dll's ...
Registered in 0.000725 seconds.
Begin MonoManager ReloadAssembly
Native extension for LinuxStandalone target not found
Native extension for WindowsStandalone target not found
Native extension for OSXStandalone target not found
Native extension for WebGL target not found
Refreshing native plugins compatible for Editor in 0.49 ms, found 0 plugins.
Preloading 0 native plugins for Editor in 0.00 ms.
Invoked RoslynAnalysisRunner static constructor.
RoslynAnalysisRunner will not be running.
RoslynAnalysisRunner has terminated.
Mono: successfully reloaded assembly
- Completed reload, in  0.572 seconds
Platform modules already initialized, skipping
Refreshing native plugins compatible for Editor in 0.49 ms, found 0 plugins.
Preloading 0 native plugins for Editor in 0.00 ms.
Unloading 1145 Unused Serialized files (Serialized files now loaded: 0)
System memory in use before: 152.9 MB.
System memory in use after: 152.9 MB.

Unloading 5 unused Assets to reduce memory usage. Loaded Objects now: 1660.
Total: 1.128000 ms (FindLiveObjects: 0.109200 ms CreateObjectMapping: 0.032300 ms MarkObjects: 0.941600 ms  DeleteObjects: 0.043800 ms)

========================================================================
Received Prepare
Registering precompiled user dll's ...
Registered in 0.000901 seconds.
Begin MonoManager ReloadAssembly
Native extension for LinuxStandalone target not found
Native extension for WindowsStandalone target not found
Native extension for OSXStandalone target not found
Native extension for WebGL target not found
Refreshing native plugins compatible for Editor in 0.49 ms, found 0 plugins.
Preloading 0 native plugins for Editor in 0.00 ms.
Invoked RoslynAnalysisRunner static constructor.
RoslynAnalysisRunner will not be running.
RoslynAnalysisRunner has terminated.
Mono: successfully reloaded assembly
- Completed reload, in  0.562 seconds
Platform modules already initialized, skipping
Refreshing native plugins compatible for Editor in 0.49 ms, found 0 plugins.
Preloading 0 native plugins for Editor in 0.00 ms.
Unloading 1145 Unused Serialized files (Serialized files now loaded: 0)
System memory in use before: 152.0 MB.
System memory in use after: 152.1 MB.

Unloading 5 unused Assets to reduce memory usage. Loaded Objects now: 1662.
Total: 1.133600 ms (FindLiveObjects: 0.122600 ms CreateObjectMapping: 0.031500 ms MarkObjects: 0.935300 ms  DeleteObjects: 0.043500 ms)

========================================================================
Received Prepare
Registering precompiled user dll's ...
Registered in 0.000713 seconds.
Begin MonoManager ReloadAssembly
Native extension for LinuxStandalone target not found
Native extension for WindowsStandalone target not found
Native extension for OSXStandalone target not found
Native extension for WebGL target not found
Refreshing native plugins compatible for Editor in 0.50 ms, found 0 plugins.
Preloading 0 native plugins for Editor in 0.00 ms.
Invoked RoslynAnalysisRunner static constructor.
RoslynAnalysisRunner will not be running.
RoslynAnalysisRunner has terminated.
Mono: successfully reloaded assembly
- Completed reload, in  0.563 seconds
Platform modules already initialized, skipping
Refreshing native plugins compatible for Editor in 0.48 ms, found 0 plugins.
Preloading 0 native plugins for Editor in 0.00 ms.
Unloading 1145 Unused Serialized files (Serialized files now loaded: 0)
System memory in use before: 152.0 MB.
System memory in use after: 152.1 MB.

Unloading 5 unused Assets to reduce memory usage. Loaded Objects now: 1664.
Total: 1.188700 ms (FindLiveObjects: 0.158200 ms CreateObjectMapping: 0.052000 ms MarkObjects: 0.938000 ms  DeleteObjects: 0.039800 ms)

========================================================================
Received Prepare
Registering precompiled user dll's ...
Registered in 0.000776 seconds.
Begin MonoManager ReloadAssembly
Native extension for LinuxStandalone target not found
Native extension for WindowsStandalone target not found
Native extension for OSXStandalone target not found
Native extension for WebGL target not found
Refreshing native plugins compatible for Editor in 0.51 ms, found 0 plugins.
Preloading 0 native plugins for Editor in 0.00 ms.
Invoked RoslynAnalysisRunner static constructor.
RoslynAnalysisRunner will not be running.
RoslynAnalysisRunner has terminated.
Mono: successfully reloaded assembly
- Completed reload, in  0.611 seconds
Platform modules already initialized, skipping
Refreshing native plugins compatible for Editor in 0.52 ms, found 0 plugins.
Preloading 0 native plugins for Editor in 0.00 ms.
Unloading 1145 Unused Serialized files (Serialized files now loaded: 0)
System memory in use before: 152.0 MB.
System memory in use after: 152.1 MB.

Unloading 5 unused Assets to reduce memory usage. Loaded Objects now: 1666.
Total: 1.162600 ms (FindLiveObjects: 0.109700 ms CreateObjectMapping: 0.026900 ms MarkObjects: 0.981200 ms  DeleteObjects: 0.043700 ms)

========================================================================
Received Prepare
Registering precompiled user dll's ...
Registered in 0.000854 seconds.
Begin MonoManager ReloadAssembly
Native extension for LinuxStandalone target not found
Native extension for WindowsStandalone target not found
Native extension for OSXStandalone target not found
Native extension for WebGL target not found
Refreshing native plugins compatible for Editor in 0.78 ms, found 0 plugins.
Preloading 0 native plugins for Editor in 0.00 ms.
Invoked RoslynAnalysisRunner static constructor.
RoslynAnalysisRunner will not be running.
RoslynAnalysisRunner has terminated.
Mono: successfully reloaded assembly
- Completed reload, in  0.587 seconds
Platform modules already initialized, skipping
Refreshing native plugins compatible for Editor in 0.49 ms, found 0 plugins.
Preloading 0 native plugins for Editor in 0.00 ms.
Unloading 1145 Unused Serialized files (Serialized files now loaded: 0)
System memory in use before: 152.0 MB.
System memory in use after: 152.1 MB.

Unloading 5 unused Assets to reduce memory usage. Loaded Objects now: 1668.
Total: 1.316000 ms (FindLiveObjects: 0.177700 ms CreateObjectMapping: 0.062900 ms MarkObjects: 1.026700 ms  DeleteObjects: 0.047700 ms)

========================================================================
Received Prepare
Registering precompiled user dll's ...
Registered in 0.000774 seconds.
Begin MonoManager ReloadAssembly
Native extension for LinuxStandalone target not found
Native extension for WindowsStandalone target not found
Native extension for OSXStandalone target not found
Native extension for WebGL target not found
Refreshing native plugins compatible for Editor in 0.51 ms, found 0 plugins.
Preloading 0 native plugins for Editor in 0.00 ms.
Invoked RoslynAnalysisRunner static constructor.
RoslynAnalysisRunner will not be running.
RoslynAnalysisRunner has terminated.
Mono: successfully reloaded assembly
- Completed reload, in  0.595 seconds
Platform modules already initialized, skipping
Refreshing native plugins compatible for Editor in 0.69 ms, found 0 plugins.
Preloading 0 native plugins for Editor in 0.00 ms.
Unloading 1145 Unused Serialized files (Serialized files now loaded: 0)
System memory in use before: 152.0 MB.
System memory in use after: 152.1 MB.

Unloading 5 unused Assets to reduce memory usage. Loaded Objects now: 1670.
Total: 1.256200 ms (FindLiveObjects: 0.115300 ms CreateObjectMapping: 0.030400 ms MarkObjects: 1.060400 ms  DeleteObjects: 0.049100 ms)

========================================================================
Received Prepare
Registering precompiled user dll's ...
Registered in 0.000745 seconds.
Begin MonoManager ReloadAssembly
Native extension for LinuxStandalone target not found
Native extension for WindowsStandalone target not found
Native extension for OSXStandalone target not found
Native extension for WebGL target not found
Refreshing native plugins compatible for Editor in 0.50 ms, found 0 plugins.
Preloading 0 native plugins for Editor in 0.00 ms.
Invoked RoslynAnalysisRunner static constructor.
RoslynAnalysisRunner will not be running.
RoslynAnalysisRunner has terminated.
Mono: successfully reloaded assembly
- Completed reload, in  0.583 seconds
Platform modules already initialized, skipping
Refreshing native plugins compatible for Editor in 0.49 ms, found 0 plugins.
Preloading 0 native plugins for Editor in 0.00 ms.
Unloading 1145 Unused Serialized files (Serialized files now loaded: 0)
System memory in use before: 152.0 MB.
System memory in use after: 152.1 MB.

Unloading 5 unused Assets to reduce memory usage. Loaded Objects now: 1672.
Total: 1.164400 ms (FindLiveObjects: 0.121600 ms CreateObjectMapping: 0.030300 ms MarkObjects: 0.968400 ms  DeleteObjects: 0.043500 ms)

========================================================================
Received Import Request.
  Time since last request: 1391.337060 seconds.
  path: Assets/Prefabs/level_3.prefab
  artifactKey: Guid(8a65c81d6d57548de8090269de202c9b) Importer(815301076,1909f56bfc062723c751e8b465ee728b)
Start importing Assets/Prefabs/level_3.prefab using Guid(8a65c81d6d57548de8090269de202c9b) Importer(815301076,1909f56bfc062723c751e8b465ee728b)  -> (artifact id: '619ae41232c9e745f9f1e5287668d4e9') in 0.045875 seconds
  Import took 0.048248 seconds .

========================================================================
Received Import Request.
  Time since last request: 44.849985 seconds.
  path: Assets/Scenes/Ending.unity
  artifactKey: Guid(a213a29122435fe478a4ce5bbfcd812f) Importer(815301076,1909f56bfc062723c751e8b465ee728b)
Start importing Assets/Scenes/Ending.unity using Guid(a213a29122435fe478a4ce5bbfcd812f) Importer(815301076,1909f56bfc062723c751e8b465ee728b)  -> (artifact id: '87fe78af2c7840d70794da105357a0c4') in 0.005516 seconds
  Import took 0.007378 seconds .

========================================================================
Received Import Request.
  Time since last request: 0.004133 seconds.
  path: Assets/Scenes/Ending.unity
  artifactKey: Guid(a213a29122435fe478a4ce5bbfcd812f) Importer(815301076,1909f56bfc062723c751e8b465ee728b)
Start importing Assets/Scenes/Ending.unity using Guid(a213a29122435fe478a4ce5bbfcd812f) Importer(815301076,1909f56bfc062723c751e8b465ee728b)  -> (artifact id: '87fe78af2c7840d70794da105357a0c4') in 0.002804 seconds
  Import took 0.004517 seconds .

========================================================================
Received Prepare
Registering precompiled user dll's ...
Registered in 0.000768 seconds.
Begin MonoManager ReloadAssembly
Native extension for LinuxStandalone target not found
Native extension for WindowsStandalone target not found
Native extension for OSXStandalone target not found
Native extension for WebGL target not found
Refreshing native plugins compatible for Editor in 0.50 ms, found 0 plugins.
Preloading 0 native plugins for Editor in 0.00 ms.
Invoked RoslynAnalysisRunner static constructor.
RoslynAnalysisRunner will not be running.
RoslynAnalysisRunner has terminated.
Mono: successfully reloaded assembly
- Completed reload, in  0.591 seconds
Platform modules already initialized, skipping
Refreshing native plugins compatible for Editor in 0.50 ms, found 0 plugins.
Preloading 0 native plugins for Editor in 0.00 ms.
Unloading 1145 Unused Serialized files (Serialized files now loaded: 0)
System memory in use before: 152.0 MB.
System memory in use after: 152.1 MB.

Unloading 6 unused Assets to reduce memory usage. Loaded Objects now: 1675.
Total: 1.224000 ms (FindLiveObjects: 0.165500 ms CreateObjectMapping: 0.048900 ms MarkObjects: 0.961800 ms  DeleteObjects: 0.046700 ms)

========================================================================
Received Import Request.
  Time since last request: 217.139975 seconds.
  path: Assets/Scripts/EndingScript.cs
  artifactKey: Guid(45e64c80a81691d4d892cb1415c4cda6) Importer(815301076,1909f56bfc062723c751e8b465ee728b)
Start importing Assets/Scripts/EndingScript.cs using Guid(45e64c80a81691d4d892cb1415c4cda6) Importer(815301076,1909f56bfc062723c751e8b465ee728b)  -> (artifact id: '0c4113d50cf854d397a448fd4d347ac1') in 0.008610 seconds
  Import took 0.010437 seconds .

========================================================================
Received Prepare
Registering precompiled user dll's ...
Registered in 0.000664 seconds.
Begin MonoManager ReloadAssembly
Native extension for LinuxStandalone target not found
Native extension for WindowsStandalone target not found
Native extension for OSXStandalone target not found
Native extension for WebGL target not found
Refreshing native plugins compatible for Editor in 0.50 ms, found 0 plugins.
Preloading 0 native plugins for Editor in 0.00 ms.
Invoked RoslynAnalysisRunner static constructor.
RoslynAnalysisRunner will not be running.
RoslynAnalysisRunner has terminated.
Mono: successfully reloaded assembly
- Completed reload, in  0.582 seconds
Platform modules already initialized, skipping
Refreshing native plugins compatible for Editor in 0.51 ms, found 0 plugins.
Preloading 0 native plugins for Editor in 0.00 ms.
Unloading 1146 Unused Serialized files (Serialized files now loaded: 0)
System memory in use before: 152.1 MB.
System memory in use after: 152.1 MB.

Unloading 5 unused Assets to reduce memory usage. Loaded Objects now: 1678.
Total: 1.174200 ms (FindLiveObjects: 0.115600 ms CreateObjectMapping: 0.031000 ms MarkObjects: 0.982900 ms  DeleteObjects: 0.043800 ms)

========================================================================
Received Prepare
Registering precompiled user dll's ...
Registered in 0.000834 seconds.
Begin MonoManager ReloadAssembly
Native extension for LinuxStandalone target not found
Native extension for WindowsStandalone target not found
Native extension for OSXStandalone target not found
Native extension for WebGL target not found
Refreshing native plugins compatible for Editor in 0.52 ms, found 0 plugins.
Preloading 0 native plugins for Editor in 0.00 ms.
Invoked RoslynAnalysisRunner static constructor.
RoslynAnalysisRunner will not be running.
RoslynAnalysisRunner has terminated.
Mono: successfully reloaded assembly
- Completed reload, in  0.572 seconds
Platform modules already initialized, skipping
Refreshing native plugins compatible for Editor in 0.49 ms, found 0 plugins.
Preloading 0 native plugins for Editor in 0.00 ms.
Unloading 1146 Unused Serialized files (Serialized files now loaded: 0)
System memory in use before: 152.1 MB.
System memory in use after: 152.1 MB.

Unloading 5 unused Assets to reduce memory usage. Loaded Objects now: 1680.
Total: 1.124800 ms (FindLiveObjects: 0.114600 ms CreateObjectMapping: 0.027300 ms MarkObjects: 0.937700 ms  DeleteObjects: 0.044200 ms)

========================================================================
Received Prepare
Registering precompiled user dll's ...
Registered in 0.000652 seconds.
Begin MonoManager ReloadAssembly
Native extension for LinuxStandalone target not found
Native extension for WindowsStandalone target not found
Native extension for OSXStandalone target not found
Native extension for WebGL target not found
Refreshing native plugins compatible for Editor in 0.49 ms, found 0 plugins.
Preloading 0 native plugins for Editor in 0.00 ms.
Invoked RoslynAnalysisRunner static constructor.
RoslynAnalysisRunner will not be running.
RoslynAnalysisRunner has terminated.
Mono: successfully reloaded assembly
- Completed reload, in  0.604 seconds
Platform modules already initialized, skipping
Refreshing native plugins compatible for Editor in 0.82 ms, found 0 plugins.
Preloading 0 native plugins for Editor in 0.00 ms.
Unloading 1146 Unused Serialized files (Serialized files now loaded: 0)
System memory in use before: 152.1 MB.
System memory in use after: 152.1 MB.

Unloading 5 unused Assets to reduce memory usage. Loaded Objects now: 1682.
Total: 1.156200 ms (FindLiveObjects: 0.110700 ms CreateObjectMapping: 0.029900 ms MarkObjects: 0.967400 ms  DeleteObjects: 0.047300 ms)

========================================================================
Received Import Request.
  Time since last request: 229.297205 seconds.
  path: Assets/Scripts/EndingScript.cs
  artifactKey: Guid(45e64c80a81691d4d892cb1415c4cda6) Importer(815301076,1909f56bfc062723c751e8b465ee728b)
Start importing Assets/Scripts/EndingScript.cs using Guid(45e64c80a81691d4d892cb1415c4cda6) Importer(815301076,1909f56bfc062723c751e8b465ee728b)  -> (artifact id: 'e913a1ae971e0dcc065df2a996f2015f') in 0.003210 seconds
  Import took 0.005045 seconds .

========================================================================
Received Import Request.
  Time since last request: 0.000193 seconds.
  path: Assets/Scripts/EndingScript.cs
  artifactKey: Guid(45e64c80a81691d4d892cb1415c4cda6) Importer(815301076,1909f56bfc062723c751e8b465ee728b)
Start importing Assets/Scripts/EndingScript.cs using Guid(45e64c80a81691d4d892cb1415c4cda6) Importer(815301076,1909f56bfc062723c751e8b465ee728b)  -> (artifact id: 'e913a1ae971e0dcc065df2a996f2015f') in 0.001579 seconds
  Import took 0.002990 seconds .

========================================================================
Received Prepare
Registering precompiled user dll's ...
Registered in 0.000821 seconds.
Begin MonoManager ReloadAssembly
Native extension for LinuxStandalone target not found
Native extension for WindowsStandalone target not found
Native extension for OSXStandalone target not found
Native extension for WebGL target not found
Refreshing native plugins compatible for Editor in 0.49 ms, found 0 plugins.
Preloading 0 native plugins for Editor in 0.00 ms.
Invoked RoslynAnalysisRunner static constructor.
RoslynAnalysisRunner will not be running.
RoslynAnalysisRunner has terminated.
Mono: successfully reloaded assembly
- Completed reload, in  0.561 seconds
Platform modules already initialized, skipping
Refreshing native plugins compatible for Editor in 0.51 ms, found 0 plugins.
Preloading 0 native plugins for Editor in 0.00 ms.
Unloading 1146 Unused Serialized files (Serialized files now loaded: 0)
System memory in use before: 152.1 MB.
System memory in use after: 152.1 MB.

Unloading 5 unused Assets to reduce memory usage. Loaded Objects now: 1684.
Total: 1.207200 ms (FindLiveObjects: 0.110300 ms CreateObjectMapping: 0.026700 ms MarkObjects: 1.021500 ms  DeleteObjects: 0.047500 ms)

========================================================================
Received Import Request.
  Time since last request: 83.560555 seconds.
  path: Assets/Scenes/Game.unity
  artifactKey: Guid(07a68a128b87546469f851998fb0c72d) Importer(815301076,1909f56bfc062723c751e8b465ee728b)
Start importing Assets/Scenes/Game.unity using Guid(07a68a128b87546469f851998fb0c72d) Importer(815301076,1909f56bfc062723c751e8b465ee728b)  -> (artifact id: '4099a0a8535643af7ac423283104c7d7') in 0.012874 seconds
  Import took 0.014712 seconds .

========================================================================
Received Prepare
Registering precompiled user dll's ...
Registered in 0.000855 seconds.
Begin MonoManager ReloadAssembly
Native extension for LinuxStandalone target not found
Native extension for WindowsStandalone target not found
Native extension for OSXStandalone target not found
Native extension for WebGL target not found
Refreshing native plugins compatible for Editor in 0.50 ms, found 0 plugins.
Preloading 0 native plugins for Editor in 0.00 ms.
Invoked RoslynAnalysisRunner static constructor.
RoslynAnalysisRunner will not be running.
RoslynAnalysisRunner has terminated.
Mono: successfully reloaded assembly
- Completed reload, in  0.597 seconds
Platform modules already initialized, skipping
Refreshing native plugins compatible for Editor in 0.50 ms, found 0 plugins.
Preloading 0 native plugins for Editor in 0.00 ms.
Unloading 1149 Unused Serialized files (Serialized files now loaded: 0)
System memory in use before: 152.1 MB.
System memory in use after: 152.2 MB.

Unloading 5 unused Assets to reduce memory usage. Loaded Objects now: 1686.
Total: 1.271300 ms (FindLiveObjects: 0.144800 ms CreateObjectMapping: 0.035700 ms MarkObjects: 1.041500 ms  DeleteObjects: 0.048000 ms)

========================================================================
Received Prepare
Refreshing native plugins compatible for Editor in 0.88 ms, found 0 plugins.
Preloading 0 native plugins for Editor in 0.00 ms.
Unloading 3 Unused Serialized files (Serialized files now loaded: 0)
System memory in use before: 129.1 MB.
System memory in use after: 129.2 MB.

Unloading 3 unused Assets to reduce memory usage. Loaded Objects now: 1686.
Total: 1.257700 ms (FindLiveObjects: 0.119100 ms CreateObjectMapping: 0.031500 ms MarkObjects: 1.050400 ms  DeleteObjects: 0.055500 ms)

========================================================================
Received Prepare
Refreshing native plugins compatible for Editor in 0.84 ms, found 0 plugins.
Preloading 0 native plugins for Editor in 0.00 ms.
Unloading 3 Unused Serialized files (Serialized files now loaded: 0)
System memory in use before: 129.1 MB.
System memory in use after: 129.2 MB.

Unloading 3 unused Assets to reduce memory usage. Loaded Objects now: 1686.
Total: 1.249000 ms (FindLiveObjects: 0.141600 ms CreateObjectMapping: 0.031900 ms MarkObjects: 1.028400 ms  DeleteObjects: 0.046100 ms)

========================================================================
Received Prepare
Registering precompiled user dll's ...
Registered in 0.000736 seconds.
Begin MonoManager ReloadAssembly
Native extension for LinuxStandalone target not found
Native extension for WindowsStandalone target not found
Native extension for OSXStandalone target not found
Native extension for WebGL target not found
Refreshing native plugins compatible for Editor in 0.50 ms, found 0 plugins.
Preloading 0 native plugins for Editor in 0.00 ms.
Invoked RoslynAnalysisRunner static constructor.
RoslynAnalysisRunner will not be running.
RoslynAnalysisRunner has terminated.
Mono: successfully reloaded assembly
- Completed reload, in  0.614 seconds
Platform modules already initialized, skipping
Refreshing native plugins compatible for Editor in 0.49 ms, found 0 plugins.
Preloading 0 native plugins for Editor in 0.00 ms.
Unloading 1149 Unused Serialized files (Serialized files now loaded: 0)
System memory in use before: 152.1 MB.
System memory in use after: 152.2 MB.

Unloading 5 unused Assets to reduce memory usage. Loaded Objects now: 1688.
Total: 1.235600 ms (FindLiveObjects: 0.117700 ms CreateObjectMapping: 0.033000 ms MarkObjects: 1.040000 ms  DeleteObjects: 0.044200 ms)

========================================================================
Received Prepare
Refreshing native plugins compatible for Editor in 1.11 ms, found 0 plugins.
Preloading 0 native plugins for Editor in 0.00 ms.
Unloading 3 Unused Serialized files (Serialized files now loaded: 0)
System memory in use before: 129.1 MB.
System memory in use after: 129.2 MB.

Unloading 3 unused Assets to reduce memory usage. Loaded Objects now: 1688.
Total: 1.146500 ms (FindLiveObjects: 0.150300 ms CreateObjectMapping: 0.028600 ms MarkObjects: 0.923600 ms  DeleteObjects: 0.042600 ms)

========================================================================
Received Prepare
Refreshing native plugins compatible for Editor in 0.85 ms, found 0 plugins.
Preloading 0 native plugins for Editor in 0.00 ms.
Unloading 3 Unused Serialized files (Serialized files now loaded: 0)
System memory in use before: 129.1 MB.
System memory in use after: 129.2 MB.

Unloading 3 unused Assets to reduce memory usage. Loaded Objects now: 1688.
Total: 1.268300 ms (FindLiveObjects: 0.137200 ms CreateObjectMapping: 0.040600 ms MarkObjects: 1.042000 ms  DeleteObjects: 0.047700 ms)

AssetImportWorkerClient::OnTransportError - code=2 error=End of file
